<?xml version="1.0" encoding="UTF-8"?>
<testng-results skipped="0" failed="0" total="2" passed="2">
  <reporter-output>
  </reporter-output>
  <suite name="Suite" duration-ms="4010" started-at="2017-12-17T11:27:04Z" finished-at="2017-12-17T11:27:08Z">
    <groups>
    </groups>
    <test name="TestRest" duration-ms="4010" started-at="2017-12-17T11:27:04Z" finished-at="2017-12-17T11:27:08Z">
      <class name="edu.universit.testselenium.TestSelenium.Send_HTTP_Post_Request">
        <test-method status="PASS" signature="SendingGetRequest()[pri:0, instance:edu.universit.testselenium.TestSelenium.Send_HTTP_Post_Request@5ba23b66]" name="SendingGetRequest" duration-ms="2499" started-at="2017-12-17T16:57:04Z" finished-at="2017-12-17T16:57:06Z">
          <reporter-output>
          </reporter-output>
        </test-method> <!-- SendingGetRequest -->
        <test-method status="PASS" signature="SendingPostRequest()[pri:0, instance:edu.universit.testselenium.TestSelenium.Send_HTTP_Post_Request@5ba23b66]" name="SendingPostRequest" duration-ms="1492" started-at="2017-12-17T16:57:06Z" finished-at="2017-12-17T16:57:08Z">
          <reporter-output>
          </reporter-output>
        </test-method> <!-- SendingPostRequest -->
      </class> <!-- edu.universit.testselenium.TestSelenium.Send_HTTP_Post_Request -->
    </test> <!-- TestRest -->
  </suite> <!-- Suite -->
</testng-results>
