<?xml version="1.0" encoding="UTF-8"?>
<testng-results skipped="0" failed="0" total="1" passed="1">
  <reporter-output>
  </reporter-output>
  <suite name="Default suite" duration-ms="2645" started-at="2017-12-17T11:12:50Z" finished-at="2017-12-17T11:12:53Z">
    <groups>
    </groups>
    <test name="Default test" duration-ms="2645" started-at="2017-12-17T11:12:50Z" finished-at="2017-12-17T11:12:53Z">
      <class name="edu.universit.testselenium.TestSelenium.RestTestMethod">
        <test-method status="PASS" signature="weatherTemp()[pri:0, instance:edu.universit.testselenium.TestSelenium.RestTestMethod@4520ebad]" name="weatherTemp" duration-ms="2625" started-at="2017-12-17T16:42:50Z" finished-at="2017-12-17T16:42:53Z">
          <reporter-output>
          </reporter-output>
        </test-method> <!-- weatherTemp -->
      </class> <!-- edu.universit.testselenium.TestSelenium.RestTestMethod -->
    </test> <!-- Default test -->
  </suite> <!-- Default suite -->
</testng-results>
