<?xml version="1.0" encoding="UTF-8"?>
<testng-results skipped="0" failed="0" total="1" passed="1">
  <reporter-output>
  </reporter-output>
  <suite name="Default suite" duration-ms="802" started-at="2020-02-07T12:24:22Z" finished-at="2020-02-07T12:24:22Z">
    <groups>
    </groups>
    <test name="Default test" duration-ms="802" started-at="2020-02-07T12:24:22Z" finished-at="2020-02-07T12:24:22Z">
      <class name="databaseConnection.SQLServerConnection">
        <test-method status="PASS" signature="testmethod()[pri:0, instance:databaseConnection.SQLServerConnection@28d25987]" name="testmethod" duration-ms="787" started-at="2020-02-07T17:54:22Z" finished-at="2020-02-07T17:54:22Z">
          <reporter-output>
          </reporter-output>
        </test-method> <!-- testmethod -->
      </class> <!-- databaseConnection.SQLServerConnection -->
    </test> <!-- Default test -->
  </suite> <!-- Default suite -->
</testng-results>
