<?xml version="1.0" encoding="UTF-8"?>
<!-- Generated by org.testng.reporters.JUnitXMLReporter -->
<testsuite hostname="SJAIN08" name="TestRest" tests="2" failures="0" timestamp="17 Dec 2017 11:27:08 GMT" time="4.01" errors="0">
  <testcase name="SendingGetRequest" time="2.499" classname="edu.universit.testselenium.TestSelenium.Send_HTTP_Post_Request"/>
  <testcase name="SendingPostRequest" time="1.492" classname="edu.universit.testselenium.TestSelenium.Send_HTTP_Post_Request"/>
</testsuite> <!-- TestRest -->
